11-May-2021 21:33:16 ERROR - Service.CUSTOMER_NOT_FOUND
com.infy.exception.InfyBankException: Service.CUSTOMER_NOT_FOUND
	at com.infy.service.CustomerServiceImpl.lambda$3(CustomerServiceImpl.java:76) ~[classes/:?]
	at java.util.Optional.orElseThrow(Optional.java:408) ~[?:?]
	at com.infy.service.CustomerServiceImpl.deleteCustomer(CustomerServiceImpl.java:76) ~[classes/:?]
	at com.infy.service.CustomerServiceImpl$$FastClassBySpringCGLIB$$5a044175.invoke(<generated>) ~[classes/:?]
	at org.springframework.cglib.proxy.MethodProxy.invoke(MethodProxy.java:218) ~[spring-core-5.2.7.RELEASE.jar:5.2.7.RELEASE]
	at org.springframework.aop.framework.CglibAopProxy$CglibMethodInvocation.invokeJoinpoint(CglibAopProxy.java:771) ~[spring-aop-5.2.7.RELEASE.jar:5.2.7.RELEASE]
	at org.springframework.aop.framework.ReflectiveMethodInvocation.proceed(ReflectiveMethodInvocation.java:163) ~[spring-aop-5.2.7.RELEASE.jar:5.2.7.RELEASE]
	at org.springframework.aop.framework.CglibAopProxy$CglibMethodInvocation.proceed(CglibAopProxy.java:749) ~[spring-aop-5.2.7.RELEASE.jar:5.2.7.RELEASE]
	at org.springframework.aop.aspectj.AspectJAfterThrowingAdvice.invoke(AspectJAfterThrowingAdvice.java:62) ~[spring-aop-5.2.7.RELEASE.jar:5.2.7.RELEASE]
	at org.springframework.aop.framework.ReflectiveMethodInvocation.proceed(ReflectiveMethodInvocation.java:186) ~[spring-aop-5.2.7.RELEASE.jar:5.2.7.RELEASE]
	at org.springframework.aop.framework.CglibAopProxy$CglibMethodInvocation.proceed(CglibAopProxy.java:749) ~[spring-aop-5.2.7.RELEASE.jar:5.2.7.RELEASE]
	at org.springframework.transaction.interceptor.TransactionAspectSupport.invokeWithinTransaction(TransactionAspectSupport.java:367) [spring-tx-5.2.7.RELEASE.jar:5.2.7.RELEASE]
	at org.springframework.transaction.interceptor.TransactionInterceptor.invoke(TransactionInterceptor.java:118) [spring-tx-5.2.7.RELEASE.jar:5.2.7.RELEASE]
	at org.springframework.aop.framework.ReflectiveMethodInvocation.proceed(ReflectiveMethodInvocation.java:186) [spring-aop-5.2.7.RELEASE.jar:5.2.7.RELEASE]
	at org.springframework.aop.framework.CglibAopProxy$CglibMethodInvocation.proceed(CglibAopProxy.java:749) [spring-aop-5.2.7.RELEASE.jar:5.2.7.RELEASE]
	at org.springframework.aop.interceptor.ExposeInvocationInterceptor.invoke(ExposeInvocationInterceptor.java:95) [spring-aop-5.2.7.RELEASE.jar:5.2.7.RELEASE]
	at org.springframework.aop.framework.ReflectiveMethodInvocation.proceed(ReflectiveMethodInvocation.java:186) [spring-aop-5.2.7.RELEASE.jar:5.2.7.RELEASE]
	at org.springframework.aop.framework.CglibAopProxy$CglibMethodInvocation.proceed(CglibAopProxy.java:749) [spring-aop-5.2.7.RELEASE.jar:5.2.7.RELEASE]
	at org.springframework.aop.framework.CglibAopProxy$DynamicAdvisedInterceptor.intercept(CglibAopProxy.java:691) [spring-aop-5.2.7.RELEASE.jar:5.2.7.RELEASE]
	at com.infy.service.CustomerServiceImpl$$EnhancerBySpringCGLIB$$1eb088d0.deleteCustomer(<generated>) [classes/:?]
	at com.infy.DemoSpringDataCrudApplication.deleteCustomer(DemoSpringDataCrudApplication.java:97) [classes/:?]
	at com.infy.DemoSpringDataCrudApplication.run(DemoSpringDataCrudApplication.java:36) [classes/:?]
	at org.springframework.boot.SpringApplication.callRunner(SpringApplication.java:795) [spring-boot-2.3.1.RELEASE.jar:2.3.1.RELEASE]
	at org.springframework.boot.SpringApplication.callRunners(SpringApplication.java:779) [spring-boot-2.3.1.RELEASE.jar:2.3.1.RELEASE]
	at org.springframework.boot.SpringApplication.run(SpringApplication.java:322) [spring-boot-2.3.1.RELEASE.jar:2.3.1.RELEASE]
	at org.springframework.boot.SpringApplication.run(SpringApplication.java:1237) [spring-boot-2.3.1.RELEASE.jar:2.3.1.RELEASE]
	at org.springframework.boot.SpringApplication.run(SpringApplication.java:1226) [spring-boot-2.3.1.RELEASE.jar:2.3.1.RELEASE]
	at com.infy.DemoSpringDataCrudApplication.main(DemoSpringDataCrudApplication.java:27) [classes/:?]
